This is pdfTeX, Version 3.141592653-2.6-1.40.29 (TeX Live 2026) (preloaded format=pdflatex 2026.6.21)  23 JUN 2026 15:43
entering extended mode
 restricted \write18 enabled.
 file:line:error style messages enabled.
 %&-line parsing enabled.
**Thesis.tex
(./Thesis.tex
LaTeX2e <2026-06-01>
L3 programming layer <2026-06-18>
(./iitthesis.cls
Document Class: iitthesis 
(/Users/deepakgupta/texlive/texmf-dist/tex/latex/base/book.cls
Document Class: book 2025/01/22 v1.4n Standard LaTeX document class
(/Users/deepakgupta/texlive/texmf-dist/tex/latex/base/bk12.clo
File: bk12.clo 2025/01/22 v1.4n Standard LaTeX file (size option)
)
\c@part=\count276
\c@chapter=\count277
\c@section=\count278
\c@subsection=\count279
\c@subsubsection=\count280
\c@paragraph=\count281
\c@subparagraph=\count282
\c@figure=\count283
\c@table=\count284
\abovecaptionskip=\skip49
\belowcaptionskip=\skip50
\bibindent=\dimen150
)
(/Users/deepakgupta/texlive/texmf-dist/tex/latex/geometry/geometry.sty
Package: geometry 2026/03/07 v6.0 Page Geometry

(/Users/deepakgupta/texlive/texmf-dist/tex/latex/graphics/keyval.sty
Package: keyval 2026-05-17 v1.15 key=value parser (DPC)
\KV@toks@=\toks17
)
(/Users/deepakgupta/texlive/texmf-dist/tex/generic/iftex/ifvtex.sty
Package: ifvtex 2019/10/25 v1.7 ifvtex legacy package. Use iftex instead.

(/Users/deepakgupta/texlive/texmf-dist/tex/generic/iftex/iftex.sty
Package: iftex 2024/12/12 v1.0g TeX engine tests
))
\Gm@cnth=\count285
\Gm@cntv=\count286
\c@Gm@tempcnt=\count287
\Gm@bindingoffset=\dimen151
\Gm@wd@mp=\dimen152
\Gm@odd@mp=\dimen153
\Gm@even@mp=\dimen154
\Gm@layoutwidth=\dimen155
\Gm@layoutheight=\dimen156
\Gm@layouthoffset=\dimen157
\Gm@layoutvoffset=\dimen158
\Gm@dimlist=\toks18
)
(/Users/deepakgupta/texlive/texmf-dist/tex/latex/graphics/rotating.sty
Package: rotating 2026-05-17 v2.16e rotated objects in LaTeX

(/Users/deepakgupta/texlive/texmf-dist/tex/latex/graphics/graphicx.sty
Package: graphicx 2026-05-17 v1.2e Enhanced LaTeX Graphics (DPC,SPQR)

(/Users/deepakgupta/texlive/texmf-dist/tex/latex/graphics/graphics.sty
Package: graphics 2026-05-17 v1.4h Standard LaTeX Graphics (DPC,SPQR)

(/Users/deepakgupta/texlive/texmf-dist/tex/latex/graphics/trig.sty
Package: trig 2023/12/02 v1.11 sin cos tan (DPC)
)
(/Users/deepakgupta/texlive/texmf-dist/tex/latex/graphics-cfg/graphics.cfg
File: graphics.cfg 2016/06/04 v1.11 sample graphics configuration
)
Package graphics Info: Driver file: pdftex.def on input line 106.

(/Users/deepakgupta/texlive/texmf-dist/tex/latex/graphics-def/pdftex.def
File: pdftex.def 2025/09/29 v1.2d Graphics/color driver for pdftex
))
\Gin@req@height=\dimen159
\Gin@req@width=\dimen160
)
(/Users/deepakgupta/texlive/texmf-dist/tex/latex/base/ifthen.sty
Package: ifthen 2024/03/16 v1.1e Standard LaTeX ifthen package (DPC)
)
\c@r@tfl@t=\count288
\rotFPtop=\skip51
\rotFPbot=\skip52
\rot@float@box=\box53
\rot@mess@toks=\toks19
)
(/Users/deepakgupta/texlive/texmf-dist/tex/latex/natbib/natbib.sty
Package: natbib 2010/09/13 8.31b (PWD, AO)
\bibhang=\skip53
\bibsep=\skip54
LaTeX Info: Redefining \cite on input line 694.
\c@NAT@ctr=\count289
)
(/Users/deepakgupta/texlive/texmf-dist/tex/latex/graphics/lscape.sty
Package: lscape 2020/05/28 v3.02 Landscape Pages (DPC)
)
(/Users/deepakgupta/texlive/texmf-dist/tex/latex/subfigure/subfigure.sty
Package: subfigure 2002/03/15 v2.1.5 subfigure package
\subfigtopskip=\skip55
\subfigcapskip=\skip56
\subfigcaptopadj=\dimen161
\subfigbottomskip=\skip57
\subfigcapmargin=\dimen162
\subfiglabelskip=\skip58
\c@subfigure=\count290
\c@lofdepth=\count291
\c@subtable=\count292
\c@lotdepth=\count293

****************************************
* Local config file subfigure.cfg used *
****************************************
(/Users/deepakgupta/texlive/texmf-dist/tex/latex/subfigure/subfigure.cfg)
\subfig@top=\skip59
\subfig@bottom=\skip60
)
(/Users/deepakgupta/texlive/texmf-dist/tex/latex/hyperref/hyperref.sty
Package: hyperref 2026-06-17 v7.01r Hypertext links for LaTeX

(/Users/deepakgupta/texlive/texmf-dist/tex/latex/kvsetkeys/kvsetkeys.sty
Package: kvsetkeys 2022-10-05 v1.19 Key value parser (HO)
)
(/Users/deepakgupta/texlive/texmf-dist/tex/generic/kvdefinekeys/kvdefinekeys.st
y
Package: kvdefinekeys 2019-12-19 v1.6 Define keys (HO)
) (/Users/deepakgupta/texlive/texmf-dist/tex/generic/pdfescape/pdfescape.sty
Package: pdfescape 2019/12/09 v1.15 Implements pdfTeX's escape features (HO)

(/Users/deepakgupta/texlive/texmf-dist/tex/generic/ltxcmds/ltxcmds.sty
Package: ltxcmds 2023-12-04 v1.26 LaTeX kernel commands for general use (HO)
)
(/Users/deepakgupta/texlive/texmf-dist/tex/generic/pdftexcmds/pdftexcmds.sty
Package: pdftexcmds 2020-06-27 v0.33 Utility functions of pdfTeX for LuaTeX (HO
)

(/Users/deepakgupta/texlive/texmf-dist/tex/generic/infwarerr/infwarerr.sty
Package: infwarerr 2019/12/03 v1.5 Providing info/warning/error messages (HO)
)
Package pdftexcmds Info: \pdf@primitive is available.
Package pdftexcmds Info: \pdf@ifprimitive is available.
Package pdftexcmds Info: \pdfdraftmode found.
))
(/Users/deepakgupta/texlive/texmf-dist/tex/latex/hycolor/hycolor.sty
Package: hycolor 2020-01-27 v1.10 Color options for hyperref/bookmark (HO)
)
(/Users/deepakgupta/texlive/texmf-dist/tex/latex/hyperref/nameref.sty
Package: nameref 2026-01-29 v2.58 Cross-referencing by name of section

(/Users/deepakgupta/texlive/texmf-dist/tex/latex/refcount/refcount.sty
Package: refcount 2019/12/15 v3.6 Data extraction from label references (HO)
)
(/Users/deepakgupta/texlive/texmf-dist/tex/generic/gettitlestring/gettitlestrin
g.sty
Package: gettitlestring 2019/12/15 v1.6 Cleanup title references (HO)
 (/Users/deepakgupta/texlive/texmf-dist/tex/latex/kvoptions/kvoptions.sty
Package: kvoptions 2022-06-15 v3.15 Key value format for package options (HO)
))
\c@section@level=\count294
) (/Users/deepakgupta/texlive/texmf-dist/tex/latex/etoolbox/etoolbox.sty
Package: etoolbox 2025/10/02 v2.5m e-TeX tools for LaTeX (JAW)
\etb@tempcnta=\count295
)
(/Users/deepakgupta/texlive/texmf-dist/tex/generic/stringenc/stringenc.sty
Package: stringenc 2019/11/29 v1.12 Convert strings between diff. encodings (HO
)
)
\@linkdim=\dimen163
\Hy@linkcounter=\count296
\Hy@pagecounter=\count297

(/Users/deepakgupta/texlive/texmf-dist/tex/latex/hyperref/pd1enc.def
File: pd1enc.def 2026-06-17 v7.01r Hyperref: PDFDocEncoding definition (HO)
Now handling font encoding PD1 ...
... no UTF-8 mapping file for font encoding PD1
)
(/Users/deepakgupta/texlive/texmf-dist/tex/generic/intcalc/intcalc.sty
Package: intcalc 2019/12/15 v1.3 Expandable calculations with integers (HO)
)
\Hy@SavedSpaceFactor=\count298

(/Users/deepakgupta/texlive/texmf-dist/tex/latex/hyperref/puenc.def
File: puenc.def 2026-06-17 v7.01r Hyperref: PDF Unicode definition (HO)
Now handling font encoding PU ...
... no UTF-8 mapping file for font encoding PU
)
Package hyperref Info: Hyper figures OFF on input line 4199.
Package hyperref Info: Link nesting OFF on input line 4204.
Package hyperref Info: Hyper index ON on input line 4207.
Package hyperref Info: Plain pages OFF on input line 4214.
Package hyperref Info: Backreferencing OFF on input line 4219.
Package hyperref Info: Implicit mode ON; LaTeX internals redefined.
Package hyperref Info: Bookmarks ON on input line 4466.
\c@Hy@tempcnt=\count299

(/Users/deepakgupta/texlive/texmf-dist/tex/latex/url/url.sty
\Urlmuskip=\muskip17
Package: url 2013/09/16  ver 3.4  Verb mode for urls, etc.
)
LaTeX Info: Redefining \url on input line 4805.
\XeTeXLinkMargin=\dimen164

(/Users/deepakgupta/texlive/texmf-dist/tex/generic/bitset/bitset.sty
Package: bitset 2019/12/09 v1.3 Handle bit-vector datatype (HO)

(/Users/deepakgupta/texlive/texmf-dist/tex/generic/bigintcalc/bigintcalc.sty
Package: bigintcalc 2019/12/15 v1.5 Expandable calculations on big integers (HO
)
))
\Fld@menulength=\count300
\Field@Width=\dimen165
\Fld@charsize=\dimen166
Package hyperref Info: Hyper figures OFF on input line 6091.
Package hyperref Info: Link nesting OFF on input line 6096.
Package hyperref Info: Hyper index ON on input line 6099.
Package hyperref Info: backreferencing OFF on input line 6106.
Package hyperref Info: Link coloring OFF on input line 6111.
Package hyperref Info: Link coloring with OCG OFF on input line 6116.
Package hyperref Info: PDF/A mode OFF on input line 6121.
\Hy@abspage=\count301
\c@Item=\count302
\c@Hfootnote=\count303
)
Package hyperref Info: Driver (autodetected): hpdftex.
(/Users/deepakgupta/texlive/texmf-dist/tex/latex/hyperref/hpdftex.def
File: hpdftex.def 2026-06-17 v7.01r Hyperref driver for pdfTeX
\Fld@listcount=\count304
\c@bookmark@seq@number=\count305

(/Users/deepakgupta/texlive/texmf-dist/tex/latex/rerunfilecheck/rerunfilecheck.
sty
Package: rerunfilecheck 2025-06-21 v1.11 Rerun checks for auxiliary files (HO)

(/Users/deepakgupta/texlive/texmf-dist/tex/generic/uniquecounter/uniquecounter.
sty
Package: uniquecounter 2019/12/15 v1.4 Provide unlimited unique counter (HO)
)
Package uniquecounter Info: New unique counter `rerunfilecheck' on input line 2
84.
)
\Hy@SectionHShift=\skip61
) (/Users/deepakgupta/texlive/texmf-dist/tex/latex/xcolor/xcolor.sty
Package: xcolor 2024/09/29 v3.02 LaTeX color extensions (UK)

(/Users/deepakgupta/texlive/texmf-dist/tex/latex/graphics-cfg/color.cfg
File: color.cfg 2016/01/02 v1.6 sample color configuration
)
Package xcolor Info: Driver file: pdftex.def on input line 274.

(/Users/deepakgupta/texlive/texmf-dist/tex/latex/graphics/mathcolor.ltx)
Package xcolor Info: Model `cmy' substituted by `cmy0' on input line 1349.
Package xcolor Info: Model `hsb' substituted by `rgb' on input line 1353.
Package xcolor Info: Model `RGB' extended on input line 1365.
Package xcolor Info: Model `HTML' substituted by `rgb' on input line 1367.
Package xcolor Info: Model `Hsb' substituted by `hsb' on input line 1368.
Package xcolor Info: Model `tHsb' substituted by `hsb' on input line 1369.
Package xcolor Info: Model `HSB' substituted by `hsb' on input line 1370.
Package xcolor Info: Model `Gray' substituted by `gray' on input line 1371.
Package xcolor Info: Model `wave' substituted by `hsb' on input line 1372.
)
Package hyperref Info: Option `colorlinks' set `true' on input line 20.

(/Users/deepakgupta/texlive/texmf-dist/tex/latex/setspace/setspace.sty
Package: setspace 2022/12/04 v6.7b set line spacing
)
(/Users/deepakgupta/texlive/texmf-dist/tex/latex/fancyhdr/fancyhdr.sty
Package: fancyhdr 2025/02/07 v5.2 Extensive control of page headers and footers

\f@nch@headwidth=\skip62
\f@nch@offset@elh=\skip63
\f@nch@offset@erh=\skip64
\f@nch@offset@olh=\skip65
\f@nch@offset@orh=\skip66
\f@nch@offset@elf=\skip67
\f@nch@offset@erf=\skip68
\f@nch@offset@olf=\skip69
\f@nch@offset@orf=\skip70
\f@nch@height=\skip71
\f@nch@footalignment=\skip72
\f@nch@widthL=\skip73
\f@nch@widthC=\skip74
\f@nch@widthR=\skip75
\@temptokenb=\toks20
)
(/Users/deepakgupta/texlive/texmf-dist/tex/latex/caption/caption.sty
Package: caption 2023/08/05 v3.6o Customizing captions (AR)

(/Users/deepakgupta/texlive/texmf-dist/tex/latex/caption/caption3.sty
Package: caption3 2023/07/31 v2.4d caption3 kernel (AR)
\caption@tempdima=\dimen167
\captionmargin=\dimen168
\caption@leftmargin=\dimen169
\caption@rightmargin=\dimen170
\caption@width=\dimen171
\caption@indent=\dimen172
\caption@parindent=\dimen173
\caption@hangindent=\dimen174
Package caption Info: Standard document class detected.
)
\c@caption@flags=\count306
\c@continuedfloat=\count307
Package caption Info: hyperref package is loaded.
Package caption Info: rotating package is loaded.
Package caption Info: subfigure package is loaded.
)
(/Users/deepakgupta/texlive/texmf-dist/tex/latex/multirow/multirow.sty
Package: multirow 2024/11/12 v2.9 Span multiple rows of a table
\multirow@colwidth=\skip76
\multirow@cntb=\count308
\multirow@dima=\skip77
\bigstrutjot=\dimen175
)
(/Users/deepakgupta/texlive/texmf-dist/tex/latex/tools/enumerate.sty
Package: enumerate 2023/07/04 v3.00 enumerate extensions (DPC)
\@enLab=\toks21
)
(/Users/deepakgupta/texlive/texmf-dist/tex/latex/psnfss/pifont.sty
Package: pifont 2020/03/25 PSNFSS-v9.3 Pi font support (SPQR) 
LaTeX Font Info:    Trying to load font information for U+pzd on input line 63.


(/Users/deepakgupta/texlive/texmf-dist/tex/latex/psnfss/upzd.fd
File: upzd.fd 2001/06/04 font definitions for U/pzd.
)
LaTeX Font Info:    Trying to load font information for U+psy on input line 64.


(/Users/deepakgupta/texlive/texmf-dist/tex/latex/psnfss/upsy.fd
File: upsy.fd 2001/06/04 font definitions for U/psy.
))
LaTeX Info: Redefining \textOF on input line 46.
)
(/Users/deepakgupta/texlive/texmf-dist/tex/latex/amsmath/amsmath.sty
Package: amsmath 2026/05/19 v2.18d AMS math features
\@mathmargin=\skip78

For additional information on amsmath, use the `?' option.
(/Users/deepakgupta/texlive/texmf-dist/tex/latex/amsmath/amstext.sty
Package: amstext 2024/11/17 v2.01 AMS text

(/Users/deepakgupta/texlive/texmf-dist/tex/latex/amsmath/amsgen.sty
File: amsgen.sty 1999/11/30 v2.0 generic functions
\@emptytoks=\toks22
\ex@=\dimen176
))
(/Users/deepakgupta/texlive/texmf-dist/tex/latex/amsmath/amsbsy.sty
Package: amsbsy 1999/11/29 v1.2d Bold Symbols
\pmbraise@=\dimen177
)
(/Users/deepakgupta/texlive/texmf-dist/tex/latex/amsmath/amsopn.sty
Package: amsopn 2022/04/08 v2.04 operator names
)
\inf@bad=\count309
LaTeX Info: Redefining \frac on input line 233.
\uproot@=\count310
\leftroot@=\count311
LaTeX Info: Redefining \overline on input line 398.
LaTeX Info: Redefining \colon on input line 409.
\classnum@=\count312
\DOTSCASE@=\count313
LaTeX Info: Redefining \ldots on input line 495.
LaTeX Info: Redefining \dots on input line 498.
LaTeX Info: Redefining \cdots on input line 619.
\Mathstrutbox@=\box54
\strutbox@=\box55
LaTeX Info: Redefining \big on input line 721.
LaTeX Info: Redefining \Big on input line 722.
LaTeX Info: Redefining \bigg on input line 723.
LaTeX Info: Redefining \Bigg on input line 724.
\big@size=\dimen178
LaTeX Font Info:    Redeclaring font encoding OML on input line 742.
LaTeX Font Info:    Redeclaring font encoding OMS on input line 743.
\macc@depth=\count314
LaTeX Info: Redefining \bmod on input line 904.
LaTeX Info: Redefining \pmod on input line 909.
LaTeX Info: Redefining \smash on input line 939.
LaTeX Info: Redefining \relbar on input line 969.
LaTeX Info: Redefining \Relbar on input line 970.
\c@MaxMatrixCols=\count315
\dotsspace@=\muskip18
\c@parentequation=\count316
\dspbrk@lvl=\count317
\tag@help=\toks23
\row@=\count318
\column@=\count319
\maxfields@=\count320
\andhelp@=\toks24
\eqnshift@=\dimen179
\alignsep@=\dimen180
\tagshift@=\dimen181
\tagwidth@=\dimen182
\totwidth@=\dimen183
\lineht@=\dimen184
\@envbody=\toks25
\multlinegap=\skip79
\multlinetaggap=\skip80
\mathdisplay@stack=\toks26
LaTeX Info: Redefining \[ on input line 2965.
LaTeX Info: Redefining \] on input line 2966.
)
(/Users/deepakgupta/texlive/texmf-dist/tex/latex/amsfonts/amssymb.sty
Package: amssymb 2013/01/14 v3.01 AMS font symbols

(/Users/deepakgupta/texlive/texmf-dist/tex/latex/amsfonts/amsfonts.sty
Package: amsfonts 2013/01/14 v3.01 Basic AMSFonts support
\symAMSa=\mathgroup4
\symAMSb=\mathgroup5
LaTeX Font Info:    Redeclaring math symbol \hbar on input line 98.
LaTeX Font Info:    Overwriting math alphabet `\mathfrak' in version `bold'
(Font)                  U/euf/m/n --> U/euf/b/n on input line 106.
))
(/Users/deepakgupta/texlive/texmf-dist/tex/latex/amscls/amsthm.sty
Package: amsthm 2020/05/29 v2.20.6
\thm@style=\toks27
\thm@bodyfont=\toks28
\thm@headfont=\toks29
\thm@notefont=\toks30
\thm@headpunct=\toks31
\thm@preskip=\skip81
\thm@postskip=\skip82
\thm@headsep=\skip83
\dth@everypar=\toks32
)
(/Users/deepakgupta/texlive/texmf-dist/tex/latex/tools/bm.sty
Package: bm 2025/10/21 v1.2g Bold Symbol Support (DPC/FMi)
\symboldoperators=\mathgroup6
\symboldletters=\mathgroup7
\symboldsymbols=\mathgroup8
Package bm Info: No bold for \OMX/cmex/m/n, using \pmb.
Package bm Info: No bold for \U/msa/m/n, using \pmb.
Package bm Info: No bold for \U/msb/m/n, using \pmb.
LaTeX Font Info:    Redeclaring math alphabet \mathbf on input line 149.
)
(/Users/deepakgupta/texlive/texmf-dist/tex/latex/booktabs/booktabs.sty
Package: booktabs 2020/01/12 v1.61803398 Publication quality tables
\heavyrulewidth=\dimen185
\lightrulewidth=\dimen186
\cmidrulewidth=\dimen187
\belowrulesep=\dimen188
\belowbottomsep=\dimen189
\aboverulesep=\dimen190
\abovetopsep=\dimen191
\cmidrulesep=\dimen192
\cmidrulekern=\dimen193
\defaultaddspace=\dimen194
\@cmidla=\count321
\@cmidlb=\count322
\@aboverulesep=\dimen195
\@belowrulesep=\dimen196
\@thisruleclass=\count323
\@lastruleclass=\count324
\@thisrulewidth=\dimen197
)
(/Users/deepakgupta/texlive/texmf-dist/tex/latex/algorithms/algorithm.sty
Package: algorithm 2009/08/24 v0.1 Document Style `algorithm' - floating enviro
nment

(/Users/deepakgupta/texlive/texmf-dist/tex/latex/float/float.sty
Package: float 2001/11/08 v1.3d Float enhancements (AL)
\c@float@type=\count325
\float@exts=\toks33
\float@box=\box56
\@float@everytoks=\toks34
\@floatcapt=\box57
)
\@float@every@algorithm=\toks35
\c@algorithm=\count326
)
(/Users/deepakgupta/texlive/texmf-dist/tex/latex/algorithmicx/algpseudocode.sty
Package: algpseudocode 
(/Users/deepakgupta/texlive/texmf-dist/tex/latex/algorithmicx/algorithmicx.sty
Package: algorithmicx 2005/04/27 v1.2 Algorithmicx

Document Style algorithmicx 1.2 - a greatly improved `algorithmic' style
\c@ALG@line=\count327
\c@ALG@rem=\count328
\c@ALG@nested=\count329
\ALG@tlm=\skip84
\ALG@thistlm=\skip85
\c@ALG@Lnr=\count330
\c@ALG@blocknr=\count331
\c@ALG@storecount=\count332
\c@ALG@tmpcounter=\count333
\ALG@tmplength=\skip86
)
Document Style - pseudocode environments for use with the `algorithmicx' style
) (/Users/deepakgupta/texlive/texmf-dist/tex/latex/placeins/placeins.sty
Package: placeins 2005/04/18  v 2.2
)
(/Users/deepakgupta/texlive/texmf-dist/tex/latex/pdflscape/pdflscape.sty
Package: pdflscape 2025-06-23 v0.14 Display of landscape pages in PDF

(/Users/deepakgupta/texlive/texmf-dist/tex/latex/pdflscape/pdflscape-nometadata
.sty
Package: pdflscape-nometadata 2025-06-23 v0.14 Display of landscape pages in PD
F (HO)
Package pdflscape Info: Auto-detected driver: pdftex on input line 81.
)) (/Users/deepakgupta/texlive/texmf-dist/tex/latex/pdfpages/pdfpages.sty
Package: pdfpages 2026/03/30 v0.6h Insert pages of external PDF documents (AM)

(/Users/deepakgupta/texlive/texmf-dist/tex/latex/tools/calc.sty
Package: calc 2025/03/01 v4.3b Infix arithmetic (KKT,FJ)
\calc@Acount=\count334
\calc@Bcount=\count335
\calc@Adimen=\dimen198
\calc@Bdimen=\dimen199
\calc@Askip=\skip87
\calc@Bskip=\skip88
LaTeX Info: Redefining \setlength on input line 86.
LaTeX Info: Redefining \addtolength on input line 87.
\calc@Ccount=\count336
\calc@Cskip=\skip89
)
(/Users/deepakgupta/texlive/texmf-dist/tex/latex/eso-pic/eso-pic.sty
Package: eso-pic 2026/05/31 v3.0e eso-pic (RN)
\ESO@tempdima=\dimen256
\ESO@tempdimb=\dimen257
)
\AM@pagewidth=\dimen258
\AM@pageheight=\dimen259
\AM@fboxrule=\dimen260

(/Users/deepakgupta/texlive/texmf-dist/tex/latex/pdfpages/pppdftex.def
File: pppdftex.def 2026/03/30 v0.6h Pdfpages driver for pdfTeX (AM)
)
\pdfpages@includegraphics@status=\count337
\AM@pagebox=\box58
\AM@global@opts=\toks36
\AM@pagecnt=\count338
\AM@toc@title=\toks37
\AM@lof@heading=\toks38
\c@AM@survey=\count339
\AM@templatesizebox=\box59
)
\c@theorem=\count340
\c@definition=\count341
\c@lemma=\count342
\c@corollary=\count343

(/Users/deepakgupta/texlive/texmf-dist/tex/latex/ragged2e/ragged2e.sty
Package: ragged2e 2023/06/22 v3.6 ragged2e Package
\CenteringLeftskip=\skip90
\RaggedLeftLeftskip=\skip91
\RaggedRightLeftskip=\skip92
\CenteringRightskip=\skip93
\RaggedLeftRightskip=\skip94
\RaggedRightRightskip=\skip95
\CenteringParfillskip=\skip96
\RaggedLeftParfillskip=\skip97
\RaggedRightParfillskip=\skip98
\JustifyingParfillskip=\skip99
\CenteringParindent=\skip100
\RaggedLeftParindent=\skip101
\RaggedRightParindent=\skip102
\JustifyingParindent=\skip103
)
(/Users/deepakgupta/texlive/texmf-dist/tex/latex/base/inputenc.sty
Package: inputenc 2024/02/08 v1.3d Input encoding file
\inpenc@prehook=\toks39
\inpenc@posthook=\toks40
)
   defining Unicode char U+202F (decimal 8239)

(/Users/deepakgupta/texlive/texmf-dist/tex/latex/microtype/microtype.sty
Package: microtype 2026/03/01 v3.2d Micro-typographical refinements (RS)
\MT@toks=\toks41
\MT@tempbox=\box60
\MT@count=\count344
LaTeX Info: Redefining \noprotrusionifhmode on input line 1084.
LaTeX Info: Redefining \leftprotrusion on input line 1085.
\MT@prot@toks=\toks42
LaTeX Info: Redefining \rightprotrusion on input line 1104.
LaTeX Info: Redefining \textls on input line 1449.
\MT@outer@kern=\dimen261
LaTeX Info: Redefining \microtypecontext on input line 2053.
LaTeX Info: Redefining \textmicrotypecontext on input line 2070.
\MT@listname@count=\count345

(/Users/deepakgupta/texlive/texmf-dist/tex/latex/microtype/microtype-pdftex.def
File: microtype-pdftex.def 2026/03/01 v3.2d Definitions specific to pdftex (RS)

LaTeX Info: Redefining \lsstyle on input line 944.
LaTeX Info: Redefining \lslig on input line 944.
\MT@outer@space=\skip104
)
Package microtype Info: Loading configuration file microtype.cfg.
 (/Users/deepakgupta/texlive/texmf-dist/tex/latex/microtype/microtype.cfg
File: microtype.cfg 2026/03/01 v3.2d microtype main configuration file (RS)
)
LaTeX Info: Redefining \microtypesetup on input line 3065.
)
(/Users/deepakgupta/texlive/texmf-dist/tex/latex/l3backend/l3backend-pdftex.def
File: l3backend-pdftex.def 2026-02-18 L3 backend support: PDF output (pdfTeX)
\l__color_backend_stack_int=\count346
) (./Thesis.aux (./1_firstpage.aux) (./2_frontmatter.aux) (./3_abstract.aux))
\openout1 = `Thesis.aux'.

LaTeX Font Info:    Checking defaults for OML/cmm/m/it on input line 63.
LaTeX Font Info:    ... okay on input line 63.
LaTeX Font Info:    Checking defaults for OMS/cmsy/m/n on input line 63.
LaTeX Font Info:    ... okay on input line 63.
LaTeX Font Info:    Checking defaults for OT1/cmr/m/n on input line 63.
LaTeX Font Info:    ... okay on input line 63.
LaTeX Font Info:    Checking defaults for T1/cmr/m/n on input line 63.
LaTeX Font Info:    ... okay on input line 63.
LaTeX Font Info:    Checking defaults for TS1/cmr/m/n on input line 63.
LaTeX Font Info:    ... okay on input line 63.
LaTeX Font Info:    Checking defaults for OMX/cmex/m/n on input line 63.
LaTeX Font Info:    ... okay on input line 63.
LaTeX Font Info:    Checking defaults for U/cmr/m/n on input line 63.
LaTeX Font Info:    ... okay on input line 63.
LaTeX Font Info:    Checking defaults for PD1/pdf/m/n on input line 63.
LaTeX Font Info:    ... okay on input line 63.
LaTeX Font Info:    Checking defaults for PU/pdf/m/n on input line 63.
LaTeX Font Info:    ... okay on input line 63.

*geometry* detected driver: pdftex
*geometry* verbose mode - [ preamble ] result:
* driver: pdftex
* paper: a4paper
* layout: <same size as paper>
* layoutoffset:(h,v)=(0.0pt,0.0pt)
* modes: twoside 
* h-part:(L,W,R)=(106.69783pt, 405.45178pt, 85.35826pt)
* v-part:(T,H,B)=(85.35826pt, 674.33032pt, 85.35826pt)
* \paperwidth=597.50787pt
* \paperheight=845.04684pt
* \textwidth=405.45178pt
* \textheight=674.33032pt
* \oddsidemargin=34.42784pt
* \evensidemargin=13.08827pt
* \topmargin=-18.78552pt
* \headheight=15.0pt
* \headsep=19.8738pt
* \topskip=12.0pt
* \footskip=30.0pt
* \marginparwidth=88.0pt
* \marginparsep=7.0pt
* \columnsep=10.0pt
* \skip\footins=10.8pt plus 4.0pt minus 2.0pt
* \hoffset=0.0pt
* \voffset=0.0pt
* \mag=1000
* \@twocolumnfalse
* \@twosidetrue
* \@mparswitchtrue
* \@reversemarginfalse
* (1in=72.27pt=25.4mm, 1cm=28.453pt)

(/Users/deepakgupta/texlive/texmf-dist/tex/context/base/mkii/supp-pdf.mkii
[Loading MPS to PDF converter (version 2006.09.02).]
\scratchcounter=\count347
\scratchdimen=\dimen262
\scratchbox=\box61
\nofMPsegments=\count348
\nofMParguments=\count349
\everyMPshowfont=\toks43
\MPscratchCnt=\count350
\MPscratchDim=\dimen263
\MPnumerator=\count351
\makeMPintoPDFobject=\count352
\everyMPtoPDFconversion=\toks44
)
(/Users/deepakgupta/texlive/texmf-dist/tex/latex/epstopdf-pkg/epstopdf-base.sty
Package: epstopdf-base 2020-01-24 v2.11 Base part for package epstopdf
(/Users/deepakgupta/texlive/texmf-dist/tex/latex/grfext/grfext.sty
Package: grfext 2019/12/03 v1.3 Manage graphics extensions (HO)
)
Package epstopdf-base Info: Redefining graphics rule for `.eps' on input line 4
85.
Package grfext Info: Graphics extension search list:
(grfext)             [.pdf,.png,.jpg,.mps,.jpeg,.jbig2,.jb2,.PDF,.PNG,.JPG,.JPE
G,.JBIG2,.JB2,.eps]
(grfext)             \AppendGraphicsExtensions on input line 504.

(/Users/deepakgupta/texlive/texmf-dist/tex/latex/latexconfig/epstopdf-sys.cfg
File: epstopdf-sys.cfg 2010/07/13 v1.3 Configuration of (r)epstopdf for TeX Liv
e
))
Package hyperref Info: Link coloring ON on input line 63.
(./Thesis.out) (./Thesis.out)
\@outlinefile=\write3
\openout3 = `Thesis.out'.

Package caption Info: Begin \AtBeginDocument code.
Package caption Info: float package is loaded.
Package caption Info: End \AtBeginDocument code.
LaTeX Info: Redefining \microtypecontext on input line 63.
Package microtype Info: Applying patch `item' on input line 63.
Package microtype Info: Applying patch `toc' on input line 63.
Package microtype Info: Applying patch `eqnum' on input line 63.


Package microtype Warning: Unable to apply patch `footnote' on input line 63.

Package microtype Info: Applying patch `verbatim' on input line 63.
LaTeX Info: Redefining \microtypesetup on input line 63.
Package microtype Info: Generating PDF output.
Package microtype Info: Character protrusion enabled (level 2).
Package microtype Info: Using default protrusion set `alltext'.
Package microtype Info: Automatic font expansion enabled (level 2),
(microtype)             stretch: 20, shrink: 20, step: 1, non-selected.
Package microtype Info: Using default expansion set `alltext-nott'.
Package microtype Info: Patching command `\showhyphens'.
Package microtype Info: No adjustment of tracking.
Package microtype Info: No adjustment of interword spacing.
Package microtype Info: No adjustment of character kerning.
(/Users/deepakgupta/texlive/texmf-dist/tex/latex/microtype/mt-cmr.cfg
File: mt-cmr.cfg 2013/05/19 v2.2 microtype config. file: Computer Modern Roman 
(RS)
)
\openout2 = `1_firstpage.aux'.


(./1_firstpage.tex
<logo.png, id=281, 285.065pt x 107.40125pt>
File: logo.png Graphic file (type png)
<use logo.png>
Package pdftex.def Info: logo.png  used on input line 38.
(pdftex.def)             Requested size: 285.0643pt x 107.40097pt.
 [1


{/Users/deepakgupta/texlive/texmf-var/fonts/map/pdftex/updmap/pdftex.map} <./lo
go.png>] [2

])
\openout2 = `2_frontmatter.aux'.

 (./2_frontmatter.tex
<deepaksign.png, id=293, 1131.22626pt x 751.80875pt>
File: deepaksign.png Graphic file (type png)
<use deepaksign.png>
Package pdftex.def Info: deepaksign.png  used on input line 20.
(pdftex.def)             Requested size: 128.0374pt x 53.27765pt.
 [3



 <./deepaksign.png>]
[4

]
<approval_signed.pdf, id=305, 597.50829pt x 845.0471pt>
File: approval_signed.pdf Graphic file (type pdf)
<use approval_signed.pdf>
Package pdftex.def Info: approval_signed.pdf  used on input line 32.
(pdftex.def)             Requested size: 597.50682pt x 845.04504pt.
<approval_signed.pdf, id=307, page=1, 597.50829pt x 845.0471pt>
File: approval_signed.pdf Graphic file (type pdf)
<use approval_signed.pdf, page 1>
Package pdftex.def Info: approval_signed.pdf , page1 used on input line 32.
(pdftex.def)             Requested size: 597.50682pt x 845.04504pt.
File: approval_signed.pdf Graphic file (type pdf)
<use approval_signed.pdf, page 1>
Package pdftex.def Info: approval_signed.pdf , page1 used on input line 32.
(pdftex.def)             Requested size: 597.53416pt x 845.08372pt.
File: approval_signed.pdf Graphic file (type pdf)
<use approval_signed.pdf, page 1>
Package pdftex.def Info: approval_signed.pdf , page1 used on input line 32.
(pdftex.def)             Requested size: 597.53416pt x 845.08372pt.
File: approval_signed.pdf Graphic file (type pdf)
<use approval_signed.pdf, page 1>
Package pdftex.def Info: approval_signed.pdf , page1 used on input line 32.
(pdftex.def)             Requested size: 597.53416pt x 845.08372pt.
File: approval_signed.pdf Graphic file (type pdf)
<use approval_signed.pdf, page 1>
Package pdftex.def Info: approval_signed.pdf , page1 used on input line 32.
(pdftex.def)             Requested size: 597.53416pt x 845.08372pt.
 [5

 <./approval_signed.pdf>] [6

] [7] [8

] [9] [10

] [11] [12

])
\openout2 = `3_abstract.aux'.


(./3_abstract.tex
LaTeX Font Info:    Trying to load font information for U+msa on input line 13.


(/Users/deepakgupta/texlive/texmf-dist/tex/latex/amsfonts/umsa.fd
File: umsa.fd 2013/01/14 v3.01 AMS symbols A
)
(/Users/deepakgupta/texlive/texmf-dist/tex/latex/microtype/mt-msa.cfg
File: mt-msa.cfg 2006/02/04 v1.1 microtype config. file: AMS symbols (a) (RS)
)
LaTeX Font Info:    Trying to load font information for U+msb on input line 13.


(/Users/deepakgupta/texlive/texmf-dist/tex/latex/amsfonts/umsb.fd
File: umsb.fd 2013/01/14 v3.01 AMS symbols B
)
(/Users/deepakgupta/texlive/texmf-dist/tex/latex/microtype/mt-msb.cfg
File: mt-msb.cfg 2005/06/01 v1.0 microtype config. file: AMS symbols (b) (RS)
) [13



]
[14

]) (./Thesis.toc [15




])
\tf@toc=\write4
\openout4 = `Thesis.toc'.

 [16] (./Thesis.lof)
\tf@lof=\write5
\openout5 = `Thesis.lof'.

 [17


] [18

] (./Thesis.lot)
\tf@lot=\write6
\openout6 = `Thesis.lot'.

 [19

]
[20

] [21] [22

] (./10.Chapter1/Chapter1.tex
Chapter 1.

Underfull \vbox (badness 1242) has occurred while \output is active []

 [1

]
[2]) (./11.Chapter2/Chapter2.tex [3] [4

]
Chapter 2.
[5]) (./12.Chapter3/Chapter3.tex [6]
Chapter 3.

Underfull \vbox (badness 7030) has occurred while \output is active []

 [7

]
Underfull \vbox (badness 10000) has occurred while \output is active []

 [8])
(./13.Chapter4/Chapter4.tex [9] [10

]
Chapter 4.
[11] [12]) (./14.Chapter5/Chapter5.tex [13]
Chapter 5.
[14

]
Package hyperref Info: bookmark level for unknown algorithm defaults to 0 on in
put line 23.
 [15

]
<14.Chapter5/Images/Algorithm_1_Flow_Diagram.pdf, id=674, 658.37968pt x 808.942
18pt>
File: 14.Chapter5/Images/Algorithm_1_Flow_Diagram.pdf Graphic file (type pdf)
<use 14.Chapter5/Images/Algorithm_1_Flow_Diagram.pdf>
Package pdftex.def Info: 14.Chapter5/Images/Algorithm_1_Flow_Diagram.pdf  used 
on input line 57.
(pdftex.def)             Requested size: 384.17107pt x 472.02579pt.
 [16

 <./14.Chapter5/Images/Algorithm_1_Flow_Diagram.pdf>] [17

]
<14.Chapter5/Images/Algorithm_2_Flow_Diagram.pdf, id=781, 613.33138pt x 778.829
68pt>
File: 14.Chapter5/Images/Algorithm_2_Flow_Diagram.pdf Graphic file (type pdf)
<use 14.Chapter5/Images/Algorithm_2_Flow_Diagram.pdf>
Package pdftex.def Info: 14.Chapter5/Images/Algorithm_2_Flow_Diagram.pdf  used 
on input line 104.
(pdftex.def)             Requested size: 371.72641pt x 472.03123pt.

[18

 <./14.Chapter5/Images/Algorithm_2_Flow_Diagram.pdf>] [19

]
<14.Chapter5/Images/Algorithm_3_Flow_Diagram.pdf, id=872, 658.37968pt x 553.106
38pt>
File: 14.Chapter5/Images/Algorithm_3_Flow_Diagram.pdf Graphic file (type pdf)
<use 14.Chapter5/Images/Algorithm_3_Flow_Diagram.pdf>
Package pdftex.def Info: 14.Chapter5/Images/Algorithm_3_Flow_Diagram.pdf  used 
on input line 142.
(pdftex.def)             Requested size: 486.54034pt x 408.74373pt.
 [20

 <./14.Chapter5/Images/Algorithm_3_Flow_Diagram.pdf>] [21

]
<14.Chapter5/Images/Algorithm_4_Flow_Diagram.pdf, id=969, 643.44388pt x 748.717
18pt>
File: 14.Chapter5/Images/Algorithm_4_Flow_Diagram.pdf Graphic file (type pdf)
<use 14.Chapter5/Images/Algorithm_4_Flow_Diagram.pdf>
Package pdftex.def Info: 14.Chapter5/Images/Algorithm_4_Flow_Diagram.pdf  used 
on input line 200.
(pdftex.def)             Requested size: 405.66634pt x 472.03705pt.
 [22

 <./14.Chapter5/Images/Algorithm_4_Flow_Diagram.pdf>] [23

]
<14.Chapter5/Images/Algorithm_5_Flow_Diagram.pdf, id=1084, 658.37968pt x 688.49
219pt>
File: 14.Chapter5/Images/Algorithm_5_Flow_Diagram.pdf Graphic file (type pdf)
<use 14.Chapter5/Images/Algorithm_5_Flow_Diagram.pdf>
Package pdftex.def Info: 14.Chapter5/Images/Algorithm_5_Flow_Diagram.pdf  used 
on input line 254.
(pdftex.def)             Requested size: 451.3892pt x 472.03453pt.
 [24

 <./14.Chapter5/Images/Algorithm_5_Flow_Diagram.pdf>] [25]) (./15.Chapter6/Chap
ter6.tex [26]
Chapter 6.
[27

] [28]
Underfull \vbox (badness 10000) has occurred while \output is active []

 [29]
Underfull \vbox (badness 10000) has occurred while \output is active []

 [30])
(./16.Chapter7/Chapter7.tex [31]
Chapter 7.
[32

]
<16.Chapter7/Images/fig_noniid_untargeted_mnist_acc.pdf, id=1273, 678.1241pt x 
388.34836pt>
File: 16.Chapter7/Images/fig_noniid_untargeted_mnist_acc.pdf Graphic file (type
 pdf)
<use 16.Chapter7/Images/fig_noniid_untargeted_mnist_acc.pdf>
Package pdftex.def Info: 16.Chapter7/Images/fig_noniid_untargeted_mnist_acc.pdf
  used on input line 56.
(pdftex.def)             Requested size: 158.12595pt x 90.5567pt.
<16.Chapter7/Images/fig_noniid_untargeted_kdd_acc.pdf, id=1274, 678.00299pt x 3
88.34836pt>
File: 16.Chapter7/Images/fig_noniid_untargeted_kdd_acc.pdf Graphic file (type p
df)
<use 16.Chapter7/Images/fig_noniid_untargeted_kdd_acc.pdf>
Package pdftex.def Info: 16.Chapter7/Images/fig_noniid_untargeted_kdd_acc.pdf  
used on input line 58.
(pdftex.def)             Requested size: 158.12595pt x 90.56856pt.
<16.Chapter7/Images/fig_noniid_untargeted_mnist_tpr.pdf, id=1275, 678.0645pt x 
388.34836pt>
File: 16.Chapter7/Images/fig_noniid_untargeted_mnist_tpr.pdf Graphic file (type
 pdf)
<use 16.Chapter7/Images/fig_noniid_untargeted_mnist_tpr.pdf>
Package pdftex.def Info: 16.Chapter7/Images/fig_noniid_untargeted_mnist_tpr.pdf
  used on input line 60.
(pdftex.def)             Requested size: 158.12595pt x 90.56264pt.
<16.Chapter7/Images/fig_noniid_untargeted_kdd_tpr.pdf, id=1276, 678.0645pt x 38
8.34836pt>
File: 16.Chapter7/Images/fig_noniid_untargeted_kdd_tpr.pdf Graphic file (type p
df)
<use 16.Chapter7/Images/fig_noniid_untargeted_kdd_tpr.pdf>
Package pdftex.def Info: 16.Chapter7/Images/fig_noniid_untargeted_kdd_tpr.pdf  
used on input line 62.
(pdftex.def)             Requested size: 158.12595pt x 90.56264pt.
 [33 <./16.Chapter7/Images/fig_noniid_untargeted_mnist_acc.pdf> <./16.Chapter7/
Images/fig_noniid_untargeted_kdd_acc.pdf> <./16.Chapter7/Images/fig_noniid_unta
rgeted_mnist_tpr.pdf> <./16.Chapter7/Images/fig_noniid_untargeted_kdd_tpr.pdf>]
<16.Chapter7/Images/fig_noniid_targeted_kdd_tacc.pdf, id=1550, 678.0645pt x 388
.34836pt>
File: 16.Chapter7/Images/fig_noniid_targeted_kdd_tacc.pdf Graphic file (type pd
f)
<use 16.Chapter7/Images/fig_noniid_targeted_kdd_tacc.pdf>
Package pdftex.def Info: 16.Chapter7/Images/fig_noniid_targeted_kdd_tacc.pdf  u
sed on input line 114.
(pdftex.def)             Requested size: 182.45206pt x 104.49397pt.
<16.Chapter7/Images/fig_noniid_targeted_kdd_final_acc.pdf, id=1551, 678.1241pt 
x 387.97005pt>
File: 16.Chapter7/Images/fig_noniid_targeted_kdd_final_acc.pdf Graphic file (ty
pe pdf)
<use 16.Chapter7/Images/fig_noniid_targeted_kdd_final_acc.pdf>
Package pdftex.def Info: 16.Chapter7/Images/fig_noniid_targeted_kdd_final_acc.p
df  used on input line 116.
(pdftex.def)             Requested size: 182.45206pt x 104.38628pt.
 [34]
Underfull \vbox (badness 10000) has occurred while \output is active []

 [35 <./16.Chapter7/Images/fig_noniid_targeted_kdd_tacc.pdf> <./16.Chapter7/Ima
ges/fig_noniid_targeted_kdd_final_acc.pdf>]
<16.Chapter7/Images/fig_iid_untargeted_mnist_acc.pdf, id=1690, 678.03374pt x 38
8.34836pt>
File: 16.Chapter7/Images/fig_iid_untargeted_mnist_acc.pdf Graphic file (type pd
f)
<use 16.Chapter7/Images/fig_iid_untargeted_mnist_acc.pdf>
Package pdftex.def Info: 16.Chapter7/Images/fig_iid_untargeted_mnist_acc.pdf  u
sed on input line 169.
(pdftex.def)             Requested size: 158.12595pt x 90.56264pt.
<16.Chapter7/Images/fig_iid_untargeted_kdd_acc.pdf, id=1691, 678.00299pt x 388.
34836pt>
File: 16.Chapter7/Images/fig_iid_untargeted_kdd_acc.pdf Graphic file (type pdf)

<use 16.Chapter7/Images/fig_iid_untargeted_kdd_acc.pdf>
Package pdftex.def Info: 16.Chapter7/Images/fig_iid_untargeted_kdd_acc.pdf  use
d on input line 171.
(pdftex.def)             Requested size: 158.12595pt x 90.56856pt.
<16.Chapter7/Images/fig_iid_untargeted_mnist_tpr.pdf, id=1692, 678.0645pt x 388
.34836pt>
File: 16.Chapter7/Images/fig_iid_untargeted_mnist_tpr.pdf Graphic file (type pd
f)
<use 16.Chapter7/Images/fig_iid_untargeted_mnist_tpr.pdf>
Package pdftex.def Info: 16.Chapter7/Images/fig_iid_untargeted_mnist_tpr.pdf  u
sed on input line 173.
(pdftex.def)             Requested size: 158.12595pt x 90.56264pt.
<16.Chapter7/Images/fig_iid_untargeted_kdd_tpr.pdf, id=1693, 678.0645pt x 388.3
4836pt>
File: 16.Chapter7/Images/fig_iid_untargeted_kdd_tpr.pdf Graphic file (type pdf)

<use 16.Chapter7/Images/fig_iid_untargeted_kdd_tpr.pdf>
Package pdftex.def Info: 16.Chapter7/Images/fig_iid_untargeted_kdd_tpr.pdf  use
d on input line 175.
(pdftex.def)             Requested size: 158.12595pt x 90.56264pt.
 [36 <./16.Chapter7/Images/fig_iid_untargeted_mnist_acc.pdf> <./16.Chapter7/Ima
ges/fig_iid_untargeted_kdd_acc.pdf> <./16.Chapter7/Images/fig_iid_untargeted_mn
ist_tpr.pdf> <./16.Chapter7/Images/fig_iid_untargeted_kdd_tpr.pdf>]
<16.Chapter7/Images/fig_iid_targeted_mnist_tacc.pdf, id=1963, 678.0645pt x 388.
34836pt>
File: 16.Chapter7/Images/fig_iid_targeted_mnist_tacc.pdf Graphic file (type pdf
)
<use 16.Chapter7/Images/fig_iid_targeted_mnist_tacc.pdf>
Package pdftex.def Info: 16.Chapter7/Images/fig_iid_targeted_mnist_tacc.pdf  us
ed on input line 227.
(pdftex.def)             Requested size: 182.45206pt x 104.49397pt.
<16.Chapter7/Images/fig_iid_targeted_kdd_tacc.pdf, id=1964, 678.0645pt x 388.34
836pt>
File: 16.Chapter7/Images/fig_iid_targeted_kdd_tacc.pdf Graphic file (type pdf)
<use 16.Chapter7/Images/fig_iid_targeted_kdd_tacc.pdf>
Package pdftex.def Info: 16.Chapter7/Images/fig_iid_targeted_kdd_tacc.pdf  used
 on input line 229.
(pdftex.def)             Requested size: 182.45206pt x 104.49397pt.

Underfull \vbox (badness 3058) has occurred while \output is active []

 [37

])
(./17.Chapter8/Chapter8.tex [38 <./16.Chapter7/Images/fig_iid_targeted_mnist_ta
cc.pdf> <./16.Chapter7/Images/fig_iid_targeted_kdd_tacc.pdf>]
Chapter 8.
[39

] [40] [41] [42]) (./18.Chapter9/Chapter9.tex [43]
Chapter 9.
[44

]) (./Thesis.bbl [45] [46

] [47]) [48] (./Thesis.aux (./1_firstpage.aux)
(./2_frontmatter.aux) (./3_abstract.aux))
 ***********
LaTeX2e <2026-06-01>
L3 programming layer <2026-06-18>
 ***********
Package rerunfilecheck Info: File `Thesis.out' has not changed.
(rerunfilecheck)             Checksum: B44A52275DEC55AAE773C5F0D4BB9501;11915.
 ) 
Here is how much of TeX's memory you used:
 18194 strings out of 468649
 298415 string characters out of 5445713
 748003 words of memory out of 5000000
 46416 multiletter control sequences out of 15000+600000
 651498 words of font info for 225 fonts, out of 8000000 for 9000
 325 hyphenation exceptions out of 8191
 89i,17n,93p,1153b,746s stack positions out of 10000i,1000n,20000p,200000b,200000s
</Users/deepakgupta/texlive/texmf-dist/fonts/type1/public/amsfonts/cm/cmbx10.
pfb></Users/deepakgupta/texlive/texmf-dist/fonts/type1/public/amsfonts/cm/cmbx1
2.pfb></Users/deepakgupta/texlive/texmf-dist/fonts/type1/public/amsfonts/cm/cmb
x8.pfb></Users/deepakgupta/texlive/texmf-dist/fonts/type1/public/amsfonts/cm/cm
csc10.pfb></Users/deepakgupta/texlive/texmf-dist/fonts/type1/public/amsfonts/cm
/cmex10.pfb></Users/deepakgupta/texlive/texmf-dist/fonts/type1/public/amsfonts/
cmextra/cmex8.pfb></Users/deepakgupta/texlive/texmf-dist/fonts/type1/public/ams
fonts/cm/cmmi10.pfb></Users/deepakgupta/texlive/texmf-dist/fonts/type1/public/a
msfonts/cm/cmmi12.pfb></Users/deepakgupta/texlive/texmf-dist/fonts/type1/public
/amsfonts/cm/cmmi6.pfb></Users/deepakgupta/texlive/texmf-dist/fonts/type1/publi
c/amsfonts/cm/cmmi8.pfb></Users/deepakgupta/texlive/texmf-dist/fonts/type1/publ
ic/amsfonts/cm/cmmib10.pfb></Users/deepakgupta/texlive/texmf-dist/fonts/type1/p
ublic/amsfonts/cmextra/cmmib8.pfb></Users/deepakgupta/texlive/texmf-dist/fonts/
type1/public/amsfonts/cm/cmr10.pfb></Users/deepakgupta/texlive/texmf-dist/fonts
/type1/public/amsfonts/cm/cmr12.pfb></Users/deepakgupta/texlive/texmf-dist/font
s/type1/public/amsfonts/cm/cmr6.pfb></Users/deepakgupta/texlive/texmf-dist/font
s/type1/public/amsfonts/cm/cmr8.pfb></Users/deepakgupta/texlive/texmf-dist/font
s/type1/public/amsfonts/cm/cmsy10.pfb></Users/deepakgupta/texlive/texmf-dist/fo
nts/type1/public/amsfonts/cm/cmsy8.pfb></Users/deepakgupta/texlive/texmf-dist/f
onts/type1/public/amsfonts/cm/cmti12.pfb></Users/deepakgupta/texlive/texmf-dist
/fonts/type1/public/amsfonts/cm/cmti8.pfb></Users/deepakgupta/texlive/texmf-dis
t/fonts/type1/public/amsfonts/cm/cmtt12.pfb></Users/deepakgupta/texlive/texmf-d
ist/fonts/type1/public/amsfonts/symbols/msbm10.pfb>
Output written on Thesis.pdf (70 pages, 1769788 bytes).
PDF statistics:
 2313 PDF objects out of 2487 (max. 8388607)
 1287 compressed objects within 13 object streams
 228 named destinations out of 1000 (max. 500000)
 48285 words of extra memory for PDF output out of 51595 (max. 10000000)

