\BOOKMARK [0][-]{Doc-Start}{\376\377\000L\000i\000s\000t\000\040\000o\000f\000\040\000P\000u\000b\000l\000i\000c\000a\000t\000i\000o\000n\000s}{}% 1
\BOOKMARK [0][-]{Item.1}{\376\377\000A\000b\000s\000t\000r\000a\000c\000t}{}% 2
\BOOKMARK [0][-]{chapter*.1}{\376\377\000L\000i\000s\000t\000\040\000o\000f\000\040\000F\000i\000g\000u\000r\000e\000s}{}% 3
\BOOKMARK [0][-]{chapter*.2}{\376\377\000L\000i\000s\000t\000\040\000o\000f\000\040\000T\000a\000b\000l\000e\000s}{}% 4
\BOOKMARK [0][-]{chapter*.3}{\376\377\000L\000i\000s\000t\000\040\000o\000f\000\040\000A\000b\000b\000r\000e\000v\000i\000a\000t\000i\000o\000n\000s}{}% 5
\BOOKMARK [0][-]{chapter.1}{\376\377\000I\000n\000t\000r\000o\000d\000u\000c\000t\000i\000o\000n}{}% 6
\BOOKMARK [1][-]{section.1.1}{\376\377\000B\000a\000c\000k\000g\000r\000o\000u\000n\000d\000\040\000a\000n\000d\000\040\000C\000o\000n\000t\000e\000x\000t}{chapter.1}% 7
\BOOKMARK [1][-]{section.1.2}{\376\377\000T\000h\000e\000\040\000R\000e\000s\000e\000a\000r\000c\000h\000\040\000G\000a\000p}{chapter.1}% 8
\BOOKMARK [1][-]{section.1.3}{\376\377\000R\000e\000s\000e\000a\000r\000c\000h\000\040\000O\000b\000j\000e\000c\000t\000i\000v\000e\000s\000\040\000a\000n\000d\000\040\000C\000o\000n\000t\000r\000i\000b\000u\000t\000i\000o\000n\000s}{chapter.1}% 9
\BOOKMARK [0][-]{chapter.2}{\376\377\000B\000a\000c\000k\000g\000r\000o\000u\000n\000d\000\040\000a\000n\000d\000\040\000M\000o\000t\000i\000v\000a\000t\000i\000o\000n}{}% 10
\BOOKMARK [1][-]{section.2.1}{\376\377\000F\000e\000d\000e\000r\000a\000t\000e\000d\000\040\000L\000e\000a\000r\000n\000i\000n\000g\000\040\000a\000n\000d\000\040\000F\000e\000d\000A\000v\000g}{chapter.2}% 11
\BOOKMARK [1][-]{section.2.2}{\376\377\000I\000I\000D\000\040\000a\000n\000d\000\040\000N\000o\000n\000-\000I\000I\000D\000\040\000F\000e\000d\000e\000r\000a\000t\000i\000o\000n\000s}{chapter.2}% 12
\BOOKMARK [1][-]{section.2.3}{\376\377\000P\000r\000i\000v\000a\000c\000y\000-\000P\000r\000e\000s\000e\000r\000v\000i\000n\000g\000\040\000F\000e\000d\000e\000r\000a\000t\000e\000d\000\040\000L\000e\000a\000r\000n\000i\000n\000g}{chapter.2}% 13
\BOOKMARK [1][-]{section.2.4}{\376\377\000P\000o\000i\000s\000o\000n\000i\000n\000g\000\040\000A\000t\000t\000a\000c\000k\000\040\000T\000a\000x\000o\000n\000o\000m\000y}{chapter.2}% 14
\BOOKMARK [0][-]{chapter.3}{\376\377\000L\000i\000t\000e\000r\000a\000t\000u\000r\000e\000\040\000S\000u\000r\000v\000e\000y}{}% 15
\BOOKMARK [1][-]{section.3.1}{\376\377\000R\000o\000b\000u\000s\000t\000\040\000A\000g\000g\000r\000e\000g\000a\000t\000i\000o\000n\000\040\000R\000u\000l\000e\000s}{chapter.3}% 16
\BOOKMARK [1][-]{section.3.2}{\376\377\000D\000e\000t\000e\000c\000t\000i\000o\000n\000-\000B\000a\000s\000e\000d\000\040\000D\000e\000f\000e\000n\000c\000e\000s}{chapter.3}% 17
\BOOKMARK [1][-]{section.3.3}{\376\377\000A\000u\000d\000i\000t\000o\000r\000-\000B\000a\000s\000e\000d\000\040\000P\000P\000F\000L\000\040\000B\000a\000s\000e\000l\000i\000n\000e}{chapter.3}% 18
\BOOKMARK [1][-]{section.3.4}{\376\377\000P\000o\000s\000i\000t\000i\000o\000n\000i\000n\000g\000\040\000o\000f\000\040\000F\000I\000P\000-\000F\000L}{chapter.3}% 19
\BOOKMARK [0][-]{chapter.4}{\376\377\000P\000r\000e\000l\000i\000m\000i\000n\000a\000r\000i\000e\000s}{}% 20
\BOOKMARK [1][-]{section.4.1}{\376\377\000N\000o\000t\000a\000t\000i\000o\000n}{chapter.4}% 21
\BOOKMARK [1][-]{section.4.2}{\376\377\000T\000h\000e\000\040\000P\000a\000i\000l\000l\000i\000e\000r\000\040\000C\000r\000y\000p\000t\000o\000s\000y\000s\000t\000e\000m}{chapter.4}% 22
\BOOKMARK [1][-]{section.4.3}{\376\377\000F\000u\000n\000c\000t\000i\000o\000n\000a\000l\000\040\000I\000n\000n\000e\000r\000\040\000P\000r\000o\000d\000u\000c\000t}{chapter.4}% 23
\BOOKMARK [1][-]{section.4.4}{\376\377\000R\000o\000b\000u\000s\000t\000\040\000S\000t\000a\000t\000i\000s\000t\000i\000c\000s}{chapter.4}% 24
\BOOKMARK [1][-]{section.4.5}{\376\377\000S\000y\000s\000t\000e\000m\000\040\000a\000n\000d\000\040\000T\000h\000r\000e\000a\000t\000\040\000M\000o\000d\000e\000l}{chapter.4}% 25
\BOOKMARK [1][-]{section.4.6}{\376\377\000S\000e\000c\000u\000r\000i\000t\000y\000\040\000a\000n\000d\000\040\000P\000r\000i\000v\000a\000c\000y\000\040\000G\000o\000a\000l\000s}{chapter.4}% 26
\BOOKMARK [0][-]{chapter.5}{\376\377\000P\000r\000o\000p\000o\000s\000e\000d\000\040\000F\000r\000a\000m\000e\000w\000o\000r\000k\000:\000\040\000F\000I\000P\000-\000F\000L}{}% 27
\BOOKMARK [1][-]{section.5.1}{\376\377\000S\000y\000s\000t\000e\000m\000\040\000A\000r\000c\000h\000i\000t\000e\000c\000t\000u\000r\000e}{chapter.5}% 28
\BOOKMARK [1][-]{section.5.2}{\376\377\000S\000y\000s\000t\000e\000m\000\040\000S\000e\000t\000u\000p\000\040\000a\000n\000d\000\040\000K\000e\000y\000\040\000D\000i\000s\000t\000r\000i\000b\000u\000t\000i\000o\000n}{chapter.5}% 29
\BOOKMARK [1][-]{section.5.3}{\376\377\000P\000e\000r\000-\000R\000o\000u\000n\000d\000\040\000P\000r\000o\000t\000o\000c\000o\000l}{chapter.5}% 30
\BOOKMARK [2][-]{subsection.5.3.1}{\376\377\000P\000h\000a\000s\000e\000\040\000I\000:\000\040\000L\000o\000c\000a\000l\000\040\000T\000r\000a\000i\000n\000i\000n\000g\000\040\000a\000n\000d\000\040\000E\000n\000c\000r\000y\000p\000t\000e\000d\000\040\000U\000p\000d\000a\000t\000e\000\040\000G\000e\000n\000e\000r\000a\000t\000i\000o\000n}{section.5.3}% 31
\BOOKMARK [2][-]{subsection.5.3.2}{\376\377\000P\000h\000a\000s\000e\000\040\000I\000I\000:\000\040\000H\000o\000m\000o\000m\000o\000r\000p\000h\000i\000c\000\040\000F\000I\000P\000\040\000S\000c\000o\000r\000e\000\040\000C\000o\000m\000p\000u\000t\000a\000t\000i\000o\000n}{section.5.3}% 32
\BOOKMARK [2][-]{subsection.5.3.3}{\376\377\000P\000h\000a\000s\000e\000\040\000I\000I\000I\000:\000\040\000A\000d\000a\000p\000t\000i\000v\000e\000\040\000B\000o\000o\000t\000s\000t\000r\000a\000p\000-\000O\000n\000l\000y\000\040\000S\000t\000a\000g\000e\000-\0001\000\040\000A\000u\000d\000i\000t}{section.5.3}% 33
\BOOKMARK [2][-]{subsection.5.3.4}{\376\377\000P\000h\000a\000s\000e\000\040\000I\000V\000:\000\040\000S\000e\000c\000u\000r\000e\000\040\000A\000g\000g\000r\000e\000g\000a\000t\000i\000o\000n}{section.5.3}% 34
\BOOKMARK [2][-]{subsection.5.3.5}{\376\377\000P\000h\000a\000s\000e\000\040\000V\000:\000\040\000M\000o\000d\000e\000l\000\040\000U\000p\000d\000a\000t\000e\000\040\000a\000n\000d\000\040\000D\000i\000s\000t\000r\000i\000b\000u\000t\000i\000o\000n}{section.5.3}% 35
\BOOKMARK [1][-]{section.5.4}{\376\377\000T\000h\000e\000o\000r\000e\000t\000i\000c\000a\000l\000\040\000A\000n\000a\000l\000y\000s\000i\000s}{chapter.5}% 36
\BOOKMARK [2][-]{subsection.5.4.1}{\376\377\000G\000r\000a\000d\000i\000e\000n\000t\000\040\000P\000r\000i\000v\000a\000c\000y}{section.5.4}% 37
\BOOKMARK [2][-]{subsection.5.4.2}{\376\377\000A\000t\000t\000a\000c\000k\000\040\000R\000e\000s\000i\000l\000i\000e\000n\000c\000e}{section.5.4}% 38
\BOOKMARK [2][-]{subsection.5.4.3}{\376\377\000C\000o\000n\000v\000e\000r\000g\000e\000n\000c\000e\000\040\000G\000u\000a\000r\000a\000n\000t\000e\000e}{section.5.4}% 39
\BOOKMARK [0][-]{chapter.6}{\376\377\000E\000x\000p\000e\000r\000i\000m\000e\000n\000t\000a\000l\000\040\000S\000e\000t\000u\000p}{}% 40
\BOOKMARK [1][-]{section.6.1}{\376\377\000D\000a\000t\000a\000s\000e\000t\000s}{chapter.6}% 41
\BOOKMARK [1][-]{section.6.2}{\376\377\000D\000a\000t\000a\000\040\000P\000a\000r\000t\000i\000t\000i\000o\000n\000i\000n\000g}{chapter.6}% 42
\BOOKMARK [1][-]{section.6.3}{\376\377\000A\000t\000t\000a\000c\000k\000\040\000M\000o\000d\000e\000l\000s}{chapter.6}% 43
\BOOKMARK [1][-]{section.6.4}{\376\377\000E\000v\000a\000l\000u\000a\000t\000i\000o\000n\000\040\000M\000e\000t\000r\000i\000c\000s}{chapter.6}% 44
\BOOKMARK [1][-]{section.6.5}{\376\377\000I\000m\000p\000l\000e\000m\000e\000n\000t\000a\000t\000i\000o\000n\000\040\000a\000n\000d\000\040\000H\000a\000r\000d\000w\000a\000r\000e}{chapter.6}% 45
\BOOKMARK [0][-]{chapter.7}{\376\377\000R\000e\000s\000u\000l\000t\000s\000\040\000a\000n\000d\000\040\000A\000n\000a\000l\000y\000s\000i\000s}{}% 46
\BOOKMARK [1][-]{section.7.1}{\376\377\000N\000o\000n\000-\000I\000I\000D\000\040\000P\000a\000r\000t\000i\000t\000i\000o\000n\000,\000\040\000U\000n\000t\000a\000r\000g\000e\000t\000e\000d\000\040\000A\000t\000t\000a\000c\000k\000s}{chapter.7}% 47
\BOOKMARK [2][-]{subsection.7.1.1}{\376\377\000M\000N\000I\000S\000T}{section.7.1}% 48
\BOOKMARK [2][-]{subsection.7.1.2}{\376\377\000K\000D\000D\000C\000u\000p\0009\0009}{section.7.1}% 49
\BOOKMARK [1][-]{section.7.2}{\376\377\000N\000o\000n\000-\000I\000I\000D\000\040\000P\000a\000r\000t\000i\000t\000i\000o\000n\000,\000\040\000T\000a\000r\000g\000e\000t\000e\000d\000\040\000A\000t\000t\000a\000c\000k\000s}{chapter.7}% 50
\BOOKMARK [2][-]{subsection.7.2.1}{\376\377\000M\000N\000I\000S\000T}{section.7.2}% 51
\BOOKMARK [2][-]{subsection.7.2.2}{\376\377\000K\000D\000D\000C\000u\000p\0009\0009}{section.7.2}% 52
\BOOKMARK [1][-]{section.7.3}{\376\377\000I\000I\000D\000\040\000P\000a\000r\000t\000i\000t\000i\000o\000n\000,\000\040\000U\000n\000t\000a\000r\000g\000e\000t\000e\000d\000\040\000A\000t\000t\000a\000c\000k\000s}{chapter.7}% 53
\BOOKMARK [2][-]{subsection.7.3.1}{\376\377\000M\000N\000I\000S\000T}{section.7.3}% 54
\BOOKMARK [2][-]{subsection.7.3.2}{\376\377\000K\000D\000D\000C\000u\000p\0009\0009}{section.7.3}% 55
\BOOKMARK [1][-]{section.7.4}{\376\377\000I\000I\000D\000\040\000P\000a\000r\000t\000i\000t\000i\000o\000n\000,\000\040\000T\000a\000r\000g\000e\000t\000e\000d\000\040\000A\000t\000t\000a\000c\000k\000s}{chapter.7}% 56
\BOOKMARK [2][-]{subsection.7.4.1}{\376\377\000M\000N\000I\000S\000T}{section.7.4}% 57
\BOOKMARK [2][-]{subsection.7.4.2}{\376\377\000K\000D\000D\000C\000u\000p\0009\0009}{section.7.4}% 58
\BOOKMARK [1][-]{section.7.5}{\376\377\000A\000g\000g\000r\000e\000g\000a\000t\000e\000\040\000F\000i\000n\000d\000i\000n\000g\000s\000\040\000A\000c\000r\000o\000s\000s\000\040\000t\000h\000e\000\040\000G\000r\000i\000d}{chapter.7}% 59
\BOOKMARK [0][-]{chapter.8}{\376\377\000C\000o\000m\000p\000a\000r\000a\000t\000i\000v\000e\000\040\000A\000n\000a\000l\000y\000s\000i\000s}{}% 60
\BOOKMARK [1][-]{section.8.1}{\376\377\000P\000r\000i\000v\000a\000c\000y}{chapter.8}% 61
\BOOKMARK [1][-]{section.8.2}{\376\377\000C\000o\000m\000p\000u\000t\000a\000t\000i\000o\000n\000a\000l\000\040\000C\000o\000m\000p\000l\000e\000x\000i\000t\000y}{chapter.8}% 62
\BOOKMARK [1][-]{section.8.3}{\376\377\000C\000o\000m\000m\000u\000n\000i\000c\000a\000t\000i\000o\000n\000\040\000C\000o\000m\000p\000l\000e\000x\000i\000t\000y}{chapter.8}% 63
\BOOKMARK [1][-]{section.8.4}{\376\377\000R\000o\000b\000u\000s\000t\000n\000e\000s\000s\000\040\000a\000n\000d\000\040\000E\000n\000g\000i\000n\000e\000e\000r\000i\000n\000g\000\040\000T\000r\000a\000d\000e\000-\000O\000f\000f\000s}{chapter.8}% 64
\BOOKMARK [1][-]{section.8.5}{\376\377\000S\000c\000h\000e\000m\000e\000-\000v\000e\000r\000s\000u\000s\000-\000S\000c\000h\000e\000m\000e\000\040\000A\000c\000c\000u\000r\000a\000c\000y\000\040\000C\000o\000m\000p\000a\000r\000i\000s\000o\000n}{chapter.8}% 65
\BOOKMARK [0][-]{chapter.9}{\376\377\000C\000o\000n\000c\000l\000u\000s\000i\000o\000n\000\040\000a\000n\000d\000\040\000F\000u\000t\000u\000r\000e\000\040\000W\000o\000r\000k}{}% 66
\BOOKMARK [1][-]{section.9.1}{\376\377\000S\000u\000m\000m\000a\000r\000y\000\040\000o\000f\000\040\000t\000h\000e\000\040\000T\000h\000e\000s\000i\000s}{chapter.9}% 67
\BOOKMARK [1][-]{section.9.2}{\376\377\000L\000i\000m\000i\000t\000a\000t\000i\000o\000n\000s\000\040\000a\000n\000d\000\040\000F\000u\000t\000u\000r\000e\000\040\000W\000o\000r\000k}{chapter.9}% 68
