This is pdfTeX, Version 3.141592653-2.6-1.40.25 (MiKTeX 24.1) (preloaded format=pdflatex 2024.11.8)  7 MAY 2025 01:49
entering extended mode
 restricted \write18 enabled.
 %&-line parsing enabled.
**./1_firstpage.tex
(1_firstpage.tex
LaTeX2e <2023-11-01> patch level 1
L3 programming layer <2024-01-04>

! LaTeX Error: Missing \begin{document}.

See the LaTeX manual or LaTeX Companion for explanation.
Type  H <return>  for immediate help.
 ...                                              
                                                  
l.4 \begin{center}
                  
You're in trouble here.  Try typing  <return>  to proceed.
If that doesn't work, type  X <return>  to quit.


Overfull \hbox (20.0pt too wide) in paragraph at lines 4--4
[] 
 []

! Undefined control sequence.
<recently read> \large 
                       
l.5 ...TION OF 5G DDOS ATTACK ON 5G CONTROL PLANE}
                                                  
The control sequence at the end of the top line
of your error message was never \def'ed. If you have
misspelled it (e.g., `\hobx'), type `I' and the correct
spelling (e.g., `I\hbox'). Otherwise just continue,
and I'll forget about whatever was undefined.


Overfull \hbox (70.23572pt too wide) in paragraph at lines 5--6
 \OT1/cmr/bx/n/10 DETECTION 
 []


Overfull \hbox (26.51375pt too wide) in paragraph at lines 5--6
 \OT1/cmr/bx/n/10 AND 
 []


Overfull \hbox (27.11096pt too wide) in paragraph at lines 5--6
 \OT1/cmr/bx/n/10 MIT- 
 []


Overfull \hbox (8.1944pt too wide) in paragraph at lines 5--6
 \OT1/cmr/bx/n/10 I- 
 []


Overfull \hbox (21.56932pt too wide) in paragraph at lines 5--6
 \OT1/cmr/bx/n/10 GA- 
 []


Overfull \hbox (29.99983pt too wide) in paragraph at lines 5--6
 \OT1/cmr/bx/n/10 TION 
 []


Overfull \hbox (15.87491pt too wide) in paragraph at lines 5--6
 \OT1/cmr/bx/n/10 OF 
 []


Overfull \hbox (14.79158pt too wide) in paragraph at lines 5--6
 \OT1/cmr/bx/n/10 5G 
 []


Overfull \hbox (32.66649pt too wide) in paragraph at lines 5--6
 \OT1/cmr/bx/n/10 DDOS 
 []


Overfull \hbox (19.56934pt too wide) in paragraph at lines 5--6
 \OT1/cmr/bx/n/10 AT- 
 []


Overfull \hbox (32.73593pt too wide) in paragraph at lines 5--6
 \OT1/cmr/bx/n/10 TACK 
 []


Overfull \hbox (17.6388pt too wide) in paragraph at lines 5--6
 \OT1/cmr/bx/n/10 ON 
 []


Overfull \hbox (14.79158pt too wide) in paragraph at lines 5--6
 \OT1/cmr/bx/n/10 5G 
 []


Overfull \hbox (29.77762pt too wide) in paragraph at lines 5--6
 \OT1/cmr/bx/n/10 CON- 
 []


Overfull \hbox (31.86093pt too wide) in paragraph at lines 5--6
 \OT1/cmr/bx/n/10 TROL 
 []


Overfull \hbox (40.02756pt too wide) in paragraph at lines 5--6
 \OT1/cmr/bx/n/10 PLANE 
 []

! Undefined control sequence.
<recently read> \large 
                       
l.9 	\textbf{\large Anutosh Tiwari}
                                   \\
The control sequence at the end of the top line
of your error message was never \def'ed. If you have
misspelled it (e.g., `\hobx'), type `I' and the correct
spelling (e.g., `I\hbox'). Otherwise just continue,
and I'll forget about whatever was undefined.


Overfull \hbox (42.29976pt too wide) in paragraph at lines 9--9
 \OT1/cmr/bx/n/10 Anutosh 
 []


Overfull \hbox (15.0277pt too wide) in paragraph at lines 9--9
 \OT1/cmr/bx/n/10 Ti- 
 []


Overfull \hbox (21.50682pt too wide) in paragraph at lines 9--9
 \OT1/cmr/bx/n/10 wari 
 []

! Undefined control sequence.
<recently read> \large 
                       
l.10 	\textbf{\large 2023PCS0024}
                                 
The control sequence at the end of the top line
of your error message was never \def'ed. If you have
misspelled it (e.g., `\hobx'), type `I' and the correct
spelling (e.g., `I\hbox'). Otherwise just continue,
and I'll forget about whatever was undefined.


Overfull \hbox (68.55519pt too wide) in paragraph at lines 10--11
 []\OT1/cmr/bx/n/10 2023PCS0024 
 []


Overfull \hbox (8.6944pt too wide) in paragraph at lines 19--20
 \OT1/cmr/bx/n/10 A 
 []


Overfull \hbox (20.38321pt too wide) in paragraph at lines 19--20
 \OT1/cmr/bx/n/10 Dis- 
 []


Overfull \hbox (18.3763pt too wide) in paragraph at lines 19--20
 \OT1/cmr/bx/n/10 ser- 
 []


Overfull \hbox (13.89574pt too wide) in paragraph at lines 19--20
 \OT1/cmr/bx/n/10 ta- 
 []


Overfull \hbox (19.80545pt too wide) in paragraph at lines 19--20
 \OT1/cmr/bx/n/10 tion 
 []


Overfull \hbox (22.99988pt too wide) in paragraph at lines 19--20
 \OT1/cmr/bx/n/10 Sub- 
 []


Overfull \hbox (21.08322pt too wide) in paragraph at lines 19--20
 \OT1/cmr/bx/n/10 mit- 
 []


Overfull \hbox (16.13187pt too wide) in paragraph at lines 19--20
 \OT1/cmr/bx/n/10 ted 
 []


Overfull \hbox (10.22217pt too wide) in paragraph at lines 19--20
 \OT1/cmr/bx/n/10 to 
 []


Overfull \hbox (32.3123pt too wide) in paragraph at lines 23--24
 \OT1/cmr/bx/n/10 Indian 
 []


Overfull \hbox (14.58325pt too wide) in paragraph at lines 23--24
 \OT1/cmr/bx/n/10 In- 
 []


Overfull \hbox (16.03601pt too wide) in paragraph at lines 23--24
 \OT1/cmr/bx/n/10 sti- 
 []


Overfull \hbox (20.60406pt too wide) in paragraph at lines 23--24
 \OT1/cmr/bx/n/10 tute 
 []


Overfull \hbox (9.26384pt too wide) in paragraph at lines 23--24
 \OT1/cmr/bx/n/10 of 
 []


Overfull \hbox (27.32625pt too wide) in paragraph at lines 23--24
 \OT1/cmr/bx/n/10 Tech- 
 []


Overfull \hbox (19.16656pt too wide) in paragraph at lines 23--24
 \OT1/cmr/bx/n/10 nol- 
 []


Overfull \hbox (19.80545pt too wide) in paragraph at lines 23--24
 \OT1/cmr/bx/n/10 ogy, 
 []


Overfull \hbox (36.77061pt too wide) in paragraph at lines 23--24
 \OT1/cmr/bx/n/10 Jammu 
 []


Overfull \hbox (10.74994pt too wide) in paragraph at lines 27--28
 \OT1/cmr/bx/n/10 In 
 []


Overfull \hbox (21.70126pt too wide) in paragraph at lines 27--28
 \OT1/cmr/bx/n/10 Par- 
 []


Overfull \hbox (16.45128pt too wide) in paragraph at lines 27--28
 \OT1/cmr/bx/n/10 tial 
 []


Overfull \hbox (19.69434pt too wide) in paragraph at lines 27--28
 \OT1/cmr/bx/n/10 Ful- 
 []


Overfull \hbox (16.61102pt too wide) in paragraph at lines 27--28
 \OT1/cmr/bx/n/10 fill- 
 []


Overfull \hbox (25.3957pt too wide) in paragraph at lines 27--28
 \OT1/cmr/bx/n/10 ment 
 []


Overfull \hbox (9.26384pt too wide) in paragraph at lines 27--28
 \OT1/cmr/bx/n/10 of 
 []


Overfull \hbox (16.13187pt too wide) in paragraph at lines 27--28
 \OT1/cmr/bx/n/10 the 
 []


Overfull \hbox (17.72908pt too wide) in paragraph at lines 27--28
 \OT1/cmr/bx/n/10 Re- 
 []


Overfull \hbox (29.49292pt too wide) in paragraph at lines 27--28
 \OT1/cmr/bx/n/10 quire- 
 []


Overfull \hbox (29.93178pt too wide) in paragraph at lines 27--28
 \OT1/cmr/bx/n/10 ments 
 []


Overfull \hbox (13.99994pt too wide) in paragraph at lines 27--28
 \OT1/cmr/bx/n/10 for 
 []


Overfull \hbox (16.13187pt too wide) in paragraph at lines 27--28
 \OT1/cmr/bx/n/10 the 
 []


Overfull \hbox (17.92352pt too wide) in paragraph at lines 27--28
 \OT1/cmr/bx/n/10 De- 
 []


Overfull \hbox (21.0277pt too wide) in paragraph at lines 27--28
 \OT1/cmr/bx/n/10 gree 
 []


Overfull \hbox (10.3541pt too wide) in paragraph at lines 27--28
 \OT1/cmr/bx/n/10 of 
 []


Overfull \hbox (20.0pt too wide) in paragraph at lines 31--31
[] 
 []

! Undefined control sequence.
<recently read> \Large 
                       
l.32 	\textbf{\Large Master of Technology}
                                          
The control sequence at the end of the top line
of your error message was never \def'ed. If you have
misspelled it (e.g., `\hobx'), type `I' and the correct
spelling (e.g., `I\hbox'). Otherwise just continue,
and I'll forget about whatever was undefined.


Overfull \hbox (35.52202pt too wide) in paragraph at lines 32--33
 \OT1/cmr/bx/n/10 Master 
 []


Overfull \hbox (9.26384pt too wide) in paragraph at lines 32--33
 \OT1/cmr/bx/n/10 of 
 []


Overfull \hbox (27.32625pt too wide) in paragraph at lines 32--33
 \OT1/cmr/bx/n/10 Tech- 
 []


Overfull \hbox (19.16656pt too wide) in paragraph at lines 32--33
 \OT1/cmr/bx/n/10 nol- 
 []


Overfull \hbox (17.72908pt too wide) in paragraph at lines 32--33
 \OT1/cmr/bx/n/10 ogy 
 []


Overfull \hbox (9.58328pt too wide) in paragraph at lines 36--36
 \OT1/cmr/bx/n/10 in 
 []

! Undefined control sequence.
<recently read> \large 
                       
l.37 ...f{\large Computer Science and Engineering}
                                                  
The control sequence at the end of the top line
of your error message was never \def'ed. If you have
misspelled it (e.g., `\hobx'), type `I' and the correct
spelling (e.g., `I\hbox'). Otherwise just continue,
and I'll forget about whatever was undefined.


Overfull \hbox (50.89558pt too wide) in paragraph at lines 37--38
 []\OT1/cmr/bx/n/10 Computer 
 []


Overfull \hbox (18.52768pt too wide) in paragraph at lines 37--38
 \OT1/cmr/bx/n/10 Sci- 
 []


Overfull \hbox (22.04156pt too wide) in paragraph at lines 37--38
 \OT1/cmr/bx/n/10 ence 
 []


Overfull \hbox (18.36794pt too wide) in paragraph at lines 37--38
 \OT1/cmr/bx/n/10 and 
 []


Overfull \hbox (17.77768pt too wide) in paragraph at lines 37--38
 \OT1/cmr/bx/n/10 En- 
 []


Overfull \hbox (12.77771pt too wide) in paragraph at lines 37--38
 \OT1/cmr/bx/n/10 gi- 
 []


Overfull \hbox (25.4999pt too wide) in paragraph at lines 37--38
 \OT1/cmr/bx/n/10 neer- 
 []


Overfull \hbox (15.49298pt too wide) in paragraph at lines 37--38
 \OT1/cmr/bx/n/10 ing 
 []

! Undefined control sequence.
l.53 	\includegraphics
                      [scale=1.0]{logo}
The control sequence at the end of the top line
of your error message was never \def'ed. If you have
misspelled it (e.g., `\hobx'), type `I' and the correct
spelling (e.g., `I\hbox'). Otherwise just continue,
and I'll forget about whatever was undefined.

Missing character: There is no [ in font nullfont!
Missing character: There is no s in font nullfont!
Missing character: There is no c in font nullfont!
Missing character: There is no a in font nullfont!
Missing character: There is no l in font nullfont!
Missing character: There is no e in font nullfont!
Missing character: There is no = in font nullfont!
Missing character: There is no 1 in font nullfont!
Missing character: There is no . in font nullfont!
Missing character: There is no 0 in font nullfont!
Missing character: There is no ] in font nullfont!
Missing character: There is no l in font nullfont!
Missing character: There is no o in font nullfont!
Missing character: There is no g in font nullfont!
Missing character: There is no o in font nullfont!

Overfull \hbox (60.6733pt too wide) in paragraph at lines 57--58
 \OT1/cmr/bx/n/10 Department 
 []


Overfull \hbox (9.26384pt too wide) in paragraph at lines 57--58
 \OT1/cmr/bx/n/10 of 
 []


Overfull \hbox (27.47208pt too wide) in paragraph at lines 57--58
 \OT1/cmr/bx/n/10 Com- 
 []


Overfull \hbox (27.25682pt too wide) in paragraph at lines 57--58
 \OT1/cmr/bx/n/10 puter 
 []


Overfull \hbox (18.52768pt too wide) in paragraph at lines 57--58
 \OT1/cmr/bx/n/10 Sci- 
 []


Overfull \hbox (22.04156pt too wide) in paragraph at lines 57--58
 \OT1/cmr/bx/n/10 ence 
 []


Overfull \hbox (8.9444pt too wide) in paragraph at lines 57--58
 \OT1/cmr/bx/n/10 & 
 []


Overfull \hbox (17.77768pt too wide) in paragraph at lines 57--58
 \OT1/cmr/bx/n/10 En- 
 []


Overfull \hbox (12.77771pt too wide) in paragraph at lines 57--58
 \OT1/cmr/bx/n/10 gi- 
 []


Overfull \hbox (25.4999pt too wide) in paragraph at lines 57--58
 \OT1/cmr/bx/n/10 neer- 
 []


Overfull \hbox (15.49298pt too wide) in paragraph at lines 57--58
 \OT1/cmr/bx/n/10 ing 
 []


Overfull \hbox (22.2568pt too wide) in paragraph at lines 71--72
 \OT1/cmr/bx/n/10 May 
 []


Overfull \hbox (22.99988pt too wide) in paragraph at lines 71--72
 \OT1/cmr/bx/n/10 2025 
 []


! LaTeX Error: The font size command \normalsize is not defined:
               there is probably something wrong with the class file.

See the LaTeX manual or LaTeX Companion for explanation.
Type  H <return>  for immediate help.
 ...                                              
                                                  
l.75 \newpage
             
Your command was ignored.
Type  I <command> <return>  to replace it with another command,
or  <return>  to continue without it.

[1{C:/Users/Anutosh tiwari/AppData/Local/MiKTeX/fonts/map/pdftex/pdftex.map}])
! Emergency stop.
<*> ./1_firstpage.tex
                     
*** (job aborted, no legal \end found)

 
Here is how much of TeX's memory you used:
 25 strings out of 474486
 582 string characters out of 5739471
 1931542 words of memory out of 5000000
 22408 multiletter control sequences out of 15000+600000
 558377 words of font info for 37 fonts, out of 8000000 for 9000
 1141 hyphenation exceptions out of 8191
 22i,5n,22p,141b,115s stack positions out of 10000i,1000n,20000p,200000b,200000s
!  ==> Fatal error occurred, no output PDF file produced!
